<?xml version="1.0" encoding="UTF-8"?>
<!-- Generated by org.testng.reporters.JUnitXMLReporter -->
<testsuite hostname="DESKTOP-62NCO35" ignored="0" name="Default test" tests="8" failures="1" timestamp="2021-06-18T00:17:46 PDT" time="19.004" errors="0">
  <testcase name="checkContentEncoding" time="0.029" classname="com.employee_api.TestCases.TC004_PUT_Employee"/>
  <testcase name="checkContentLength" time="0.004" classname="com.employee_api.TestCases.TC004_PUT_Employee">
    <failure type="java.lang.NumberFormatException" message="null">
      <![CDATA[java.lang.NumberFormatException: null
at java.lang.Integer.parseInt(Integer.java:542)
at java.lang.Integer.parseInt(Integer.java:615)
at com.employee_api.TestCases.TC004_PUT_Employee.checkContentLength(TC004_PUT_Employee.java:138)
at sun.reflect.NativeMethodAccessorImpl.invoke0(Native Method)
at sun.reflect.NativeMethodAccessorImpl.invoke(NativeMethodAccessorImpl.java:62)
at sun.reflect.DelegatingMethodAccessorImpl.invoke(DelegatingMethodAccessorImpl.java:43)
at java.lang.reflect.Method.invoke(Method.java:498)
at org.testng.internal.MethodInvocationHelper.invokeMethod(MethodInvocationHelper.java:133)
at org.testng.internal.TestInvoker.invokeMethod(TestInvoker.java:598)
at org.testng.internal.TestInvoker.invokeTestMethod(TestInvoker.java:173)
at org.testng.internal.MethodRunner.runInSequence(MethodRunner.java:46)
at org.testng.internal.TestInvoker$MethodInvocationAgent.invoke(TestInvoker.java:824)
at org.testng.internal.TestInvoker.invokeTestMethods(TestInvoker.java:146)
at org.testng.internal.TestMethodWorker.invokeTestMethods(TestMethodWorker.java:146)
at org.testng.internal.TestMethodWorker.run(TestMethodWorker.java:128)
at java.util.ArrayList.forEach(ArrayList.java:1257)
at org.testng.TestRunner.privateRun(TestRunner.java:794)
at org.testng.TestRunner.run(TestRunner.java:596)
at org.testng.SuiteRunner.runTest(SuiteRunner.java:377)
at org.testng.SuiteRunner.runSequentially(SuiteRunner.java:371)
at org.testng.SuiteRunner.privateRun(SuiteRunner.java:332)
at org.testng.SuiteRunner.run(SuiteRunner.java:276)
at org.testng.SuiteRunnerWorker.runSuite(SuiteRunnerWorker.java:53)
at org.testng.SuiteRunnerWorker.run(SuiteRunnerWorker.java:96)
at org.testng.TestNG.runSuitesSequentially(TestNG.java:1212)
at org.testng.TestNG.runSuitesLocally(TestNG.java:1134)
at org.testng.TestNG.runSuites(TestNG.java:1063)
at org.testng.TestNG.run(TestNG.java:1031)
at org.testng.remote.AbstractRemoteTestNG.run(AbstractRemoteTestNG.java:115)
at org.testng.remote.RemoteTestNG.initAndRun(RemoteTestNG.java:251)
at org.testng.remote.RemoteTestNG.main(RemoteTestNG.java:77)
]]>
    </failure>
  </testcase> <!-- checkContentLength -->
  <testcase name="checkResponseBody" time="0.006" classname="com.employee_api.TestCases.TC004_PUT_Employee"/>
  <testcase name="checkResponseTime" time="0.006" classname="com.employee_api.TestCases.TC004_PUT_Employee"/>
  <testcase name="checkServerType" time="0.006" classname="com.employee_api.TestCases.TC004_PUT_Employee"/>
  <testcase name="checkStatusCode" time="0.003" classname="com.employee_api.TestCases.TC004_PUT_Employee"/>
  <testcase name="checkStatusLine" time="0.003" classname="com.employee_api.TestCases.TC004_PUT_Employee"/>
  <testcase name="contentType" time="0.004" classname="com.employee_api.TestCases.TC004_PUT_Employee"/>
</testsuite> <!-- Default test -->
