<?xml version="1.0" encoding="UTF-8"?>
<!-- Generated by org.testng.reporters.JUnitXMLReporter -->
<testsuite ignored="0" hostname="DESKTOP-62NCO35" failures="3" tests="33" name="EmployeeRestAPITest" time="38.066" errors="0" timestamp="2021-06-18T00:50:29 PDT">
  <testcase classname="com.employee_api.TestCases.TC001_GetAllEmployees" name="checkContentEncoding" time="0.025"/>
  <testcase classname="com.employee_api.TestCases.TC001_GetAllEmployees" name="checkContentLength" time="0.009"/>
  <testcase classname="com.employee_api.TestCases.TC001_GetAllEmployees" name="checkCookies" time="0.003"/>
  <testcase classname="com.employee_api.TestCases.TC001_GetAllEmployees" name="checkResponseBody" time="0.011"/>
  <testcase classname="com.employee_api.TestCases.TC001_GetAllEmployees" name="checkResponseTime" time="0.013"/>
  <testcase classname="com.employee_api.TestCases.TC001_GetAllEmployees" name="checkServerType" time="0.004"/>
  <testcase classname="com.employee_api.TestCases.TC001_GetAllEmployees" name="checkStatusCode" time="0.004"/>
  <testcase classname="com.employee_api.TestCases.TC001_GetAllEmployees" name="checkStatusLine" time="0.004"/>
  <testcase classname="com.employee_api.TestCases.TC001_GetAllEmployees" name="contentType" time="0.003"/>
  <testcase classname="com.employee_api.TestCases.TC002_Get_Employee" name="checkContentEncoding" time="0.003"/>
  <testcase classname="com.employee_api.TestCases.TC002_Get_Employee" name="checkContentLength" time="0.007">
    <failure type="java.lang.NumberFormatException" message="null">
      <![CDATA[java.lang.NumberFormatException: null
at java.base/java.lang.Integer.parseInt(Integer.java:614)
at java.base/java.lang.Integer.parseInt(Integer.java:770)
at com.employee_api.TestCases.TC002_Get_Employee.checkContentLength(TC002_Get_Employee.java:108)
at java.base/java.util.ArrayList.forEach(ArrayList.java:1540)
... Removed 31 stack frames]]>
    </failure>
  </testcase> <!-- checkContentLength -->
  <testcase classname="com.employee_api.TestCases.TC002_Get_Employee" name="checkEmployeeIdinResponse" time="0.001"/>
  <testcase classname="com.employee_api.TestCases.TC002_Get_Employee" name="checkResponseTime" time="0.005"/>
  <testcase classname="com.employee_api.TestCases.TC002_Get_Employee" name="checkServerType" time="0.003"/>
  <testcase classname="com.employee_api.TestCases.TC002_Get_Employee" name="checkStatusCode" time="0.005"/>
  <testcase classname="com.employee_api.TestCases.TC002_Get_Employee" name="checkStatusLine" time="0.005"/>
  <testcase classname="com.employee_api.TestCases.TC002_Get_Employee" name="contentType" time="0.009"/>
  <testcase classname="com.employee_api.TestCases.TC003_Post_EmployeeData" name="checkContentEncoding" time="0.004"/>
  <testcase classname="com.employee_api.TestCases.TC003_Post_EmployeeData" name="checkContentLength" time="0.002">
    <failure type="java.lang.NumberFormatException" message="null">
      <![CDATA[java.lang.NumberFormatException: null
at java.base/java.lang.Integer.parseInt(Integer.java:614)
at java.base/java.lang.Integer.parseInt(Integer.java:770)
at com.employee_api.TestCases.TC003_Post_EmployeeData.checkContentLength(TC003_Post_EmployeeData.java:138)
at java.base/java.util.ArrayList.forEach(ArrayList.java:1540)
... Removed 31 stack frames]]>
    </failure>
  </testcase> <!-- checkContentLength -->
  <testcase classname="com.employee_api.TestCases.TC003_Post_EmployeeData" name="checkResponseBody" time="0.003"/>
  <testcase classname="com.employee_api.TestCases.TC003_Post_EmployeeData" name="checkResponseTime" time="0.003"/>
  <testcase classname="com.employee_api.TestCases.TC003_Post_EmployeeData" name="checkServerType" time="0.006"/>
  <testcase classname="com.employee_api.TestCases.TC003_Post_EmployeeData" name="checkStatusCode" time="0.003"/>
  <testcase classname="com.employee_api.TestCases.TC003_Post_EmployeeData" name="checkStatusLine" time="0.003"/>
  <testcase classname="com.employee_api.TestCases.TC003_Post_EmployeeData" name="contentType" time="0.003"/>
  <testcase classname="com.employee_api.TestCases.TC004_PUT_Employee" name="checkContentEncoding" time="0.002"/>
  <testcase classname="com.employee_api.TestCases.TC004_PUT_Employee" name="checkContentLength" time="0.002">
    <failure type="java.lang.NumberFormatException" message="null">
      <![CDATA[java.lang.NumberFormatException: null
at java.base/java.lang.Integer.parseInt(Integer.java:614)
at java.base/java.lang.Integer.parseInt(Integer.java:770)
at com.employee_api.TestCases.TC004_PUT_Employee.checkContentLength(TC004_PUT_Employee.java:138)
at java.base/java.util.ArrayList.forEach(ArrayList.java:1540)
... Removed 31 stack frames]]>
    </failure>
  </testcase> <!-- checkContentLength -->
  <testcase classname="com.employee_api.TestCases.TC004_PUT_Employee" name="checkResponseBody" time="0.001"/>
  <testcase classname="com.employee_api.TestCases.TC004_PUT_Employee" name="checkResponseTime" time="0.001"/>
  <testcase classname="com.employee_api.TestCases.TC004_PUT_Employee" name="checkServerType" time="0.001"/>
  <testcase classname="com.employee_api.TestCases.TC004_PUT_Employee" name="checkStatusCode" time="0.001"/>
  <testcase classname="com.employee_api.TestCases.TC004_PUT_Employee" name="checkStatusLine" time="0.001"/>
  <testcase classname="com.employee_api.TestCases.TC004_PUT_Employee" name="contentType" time="0.001"/>
</testsuite> <!-- EmployeeRestAPITest -->
