<?xml version="1.0" encoding="UTF-8"?>
<!-- Generated by org.testng.reporters.JUnitXMLReporter -->
<testsuite hostname="DESKTOP-62NCO35" ignored="0" name="EmployeeRestAPITest" tests="33" failures="22" timestamp="2021-06-18T00:27:35 PDT" time="34.392" errors="0">
  <testcase name="checkContentEncoding" time="0.043" classname="com.employee_api.TestCases.TC001_GetAllEmployees">
    <failure type="java.lang.AssertionError" message="expected [gzip] but found [null]">
      <![CDATA[java.lang.AssertionError: expected [gzip] but found [null]
at com.employee_api.TestCases.TC001_GetAllEmployees.checkContentEncoding(TC001_GetAllEmployees.java:103)
at java.util.ArrayList.forEach(ArrayList.java:1257)
... Removed 33 stack frames]]>
    </failure>
  </testcase> <!-- checkContentEncoding -->
  <testcase name="checkContentLength" time="0.005" classname="com.employee_api.TestCases.TC001_GetAllEmployees">
    <failure type="java.lang.NumberFormatException" message="null">
      <![CDATA[java.lang.NumberFormatException: null
at java.lang.Integer.parseInt(Integer.java:542)
at java.lang.Integer.parseInt(Integer.java:615)
at com.employee_api.TestCases.TC001_GetAllEmployees.checkContentLength(TC001_GetAllEmployees.java:111)
at java.util.ArrayList.forEach(ArrayList.java:1257)
... Removed 27 stack frames]]>
    </failure>
  </testcase> <!-- checkContentLength -->
  <testcase name="checkCookies" time="0.002" classname="com.employee_api.TestCases.TC001_GetAllEmployees"/>
  <testcase name="checkResponseBody" time="0.003" classname="com.employee_api.TestCases.TC001_GetAllEmployees"/>
  <testcase name="checkResponseTime" time="0.004" classname="com.employee_api.TestCases.TC001_GetAllEmployees"/>
  <testcase name="checkServerType" time="0.003" classname="com.employee_api.TestCases.TC001_GetAllEmployees"/>
  <testcase name="checkStatusCode" time="0.005" classname="com.employee_api.TestCases.TC001_GetAllEmployees">
    <failure type="java.lang.AssertionError" message="expected [200] but found [429]">
      <![CDATA[java.lang.AssertionError: expected [200] but found [429]
at com.employee_api.TestCases.TC001_GetAllEmployees.checkStatusCode(TC001_GetAllEmployees.java:45)
at java.util.ArrayList.forEach(ArrayList.java:1257)
... Removed 33 stack frames]]>
    </failure>
  </testcase> <!-- checkStatusCode -->
  <testcase name="checkStatusLine" time="0.005" classname="com.employee_api.TestCases.TC001_GetAllEmployees">
    <failure type="java.lang.AssertionError" message="expected [HTTP/1.1 200 OK] but found [HTTP/1.1 429 Too Many Requests]">
      <![CDATA[java.lang.AssertionError: expected [HTTP/1.1 200 OK] but found [HTTP/1.1 429 Too Many Requests]
at com.employee_api.TestCases.TC001_GetAllEmployees.checkStatusLine(TC001_GetAllEmployees.java:70)
at java.util.ArrayList.forEach(ArrayList.java:1257)
... Removed 33 stack frames]]>
    </failure>
  </testcase> <!-- checkStatusLine -->
  <testcase name="contentType" time="0.005" classname="com.employee_api.TestCases.TC001_GetAllEmployees">
    <failure type="java.lang.AssertionError" message="expected [application/json] but found [text/html; charset=UTF-8]">
      <![CDATA[java.lang.AssertionError: expected [application/json] but found [text/html; charset=UTF-8]
at com.employee_api.TestCases.TC001_GetAllEmployees.contentType(TC001_GetAllEmployees.java:82)
at java.util.ArrayList.forEach(ArrayList.java:1257)
... Removed 33 stack frames]]>
    </failure>
  </testcase> <!-- contentType -->
  <testcase name="checkContentEncoding" time="0.006" classname="com.employee_api.TestCases.TC002_Get_Employee">
    <failure type="java.lang.AssertionError" message="expected [gzip] but found [null]">
      <![CDATA[java.lang.AssertionError: expected [gzip] but found [null]
at com.employee_api.TestCases.TC002_Get_Employee.checkContentEncoding(TC002_Get_Employee.java:100)
at java.util.ArrayList.forEach(ArrayList.java:1257)
... Removed 33 stack frames]]>
    </failure>
  </testcase> <!-- checkContentEncoding -->
  <testcase name="checkContentLength" time="0.011" classname="com.employee_api.TestCases.TC002_Get_Employee">
    <failure type="java.lang.NumberFormatException" message="null">
      <![CDATA[java.lang.NumberFormatException: null
at java.lang.Integer.parseInt(Integer.java:542)
at java.lang.Integer.parseInt(Integer.java:615)
at com.employee_api.TestCases.TC002_Get_Employee.checkContentLength(TC002_Get_Employee.java:108)
at java.util.ArrayList.forEach(ArrayList.java:1257)
... Removed 27 stack frames]]>
    </failure>
  </testcase> <!-- checkContentLength -->
  <testcase name="checkEmployeeIdinResponse" time="0.005" classname="com.employee_api.TestCases.TC002_Get_Employee"/>
  <testcase name="checkResponseTime" time="0.006" classname="com.employee_api.TestCases.TC002_Get_Employee"/>
  <testcase name="checkServerType" time="0.017" classname="com.employee_api.TestCases.TC002_Get_Employee"/>
  <testcase name="checkStatusCode" time="0.021" classname="com.employee_api.TestCases.TC002_Get_Employee">
    <failure type="java.lang.AssertionError" message="expected [200] but found [429]">
      <![CDATA[java.lang.AssertionError: expected [200] but found [429]
at com.employee_api.TestCases.TC002_Get_Employee.checkStatusCode(TC002_Get_Employee.java:41)
at java.util.ArrayList.forEach(ArrayList.java:1257)
... Removed 33 stack frames]]>
    </failure>
  </testcase> <!-- checkStatusCode -->
  <testcase name="checkStatusLine" time="0.015" classname="com.employee_api.TestCases.TC002_Get_Employee">
    <failure type="java.lang.AssertionError" message="expected [HTTP/1.1 200 OK] but found [HTTP/1.1 429 Too Many Requests]">
      <![CDATA[java.lang.AssertionError: expected [HTTP/1.1 200 OK] but found [HTTP/1.1 429 Too Many Requests]
at com.employee_api.TestCases.TC002_Get_Employee.checkStatusLine(TC002_Get_Employee.java:51)
at java.util.ArrayList.forEach(ArrayList.java:1257)
... Removed 33 stack frames]]>
    </failure>
  </testcase> <!-- checkStatusLine -->
  <testcase name="contentType" time="0.013" classname="com.employee_api.TestCases.TC002_Get_Employee">
    <failure type="java.lang.AssertionError" message="expected [application/json] but found [text/html; charset=UTF-8]">
      <![CDATA[java.lang.AssertionError: expected [application/json] but found [text/html; charset=UTF-8]
at com.employee_api.TestCases.TC002_Get_Employee.contentType(TC002_Get_Employee.java:79)
at java.util.ArrayList.forEach(ArrayList.java:1257)
... Removed 33 stack frames]]>
    </failure>
  </testcase> <!-- contentType -->
  <testcase name="checkContentEncoding" time="0.015" classname="com.employee_api.TestCases.TC003_Post_EmployeeData">
    <failure type="java.lang.AssertionError" message="expected [gzip] but found [null]">
      <![CDATA[java.lang.AssertionError: expected [gzip] but found [null]
at com.employee_api.TestCases.TC003_Post_EmployeeData.checkContentEncoding(TC003_Post_EmployeeData.java:130)
at java.util.ArrayList.forEach(ArrayList.java:1257)
... Removed 33 stack frames]]>
    </failure>
  </testcase> <!-- checkContentEncoding -->
  <testcase name="checkContentLength" time="0.003" classname="com.employee_api.TestCases.TC003_Post_EmployeeData">
    <failure type="java.lang.NumberFormatException" message="null">
      <![CDATA[java.lang.NumberFormatException: null
at java.lang.Integer.parseInt(Integer.java:542)
at java.lang.Integer.parseInt(Integer.java:615)
at com.employee_api.TestCases.TC003_Post_EmployeeData.checkContentLength(TC003_Post_EmployeeData.java:138)
at java.util.ArrayList.forEach(ArrayList.java:1257)
... Removed 27 stack frames]]>
    </failure>
  </testcase> <!-- checkContentLength -->
  <testcase name="checkResponseBody" time="0.007" classname="com.employee_api.TestCases.TC003_Post_EmployeeData">
    <failure type="java.lang.AssertionError" message="expected [true] but found [false]">
      <![CDATA[java.lang.AssertionError: expected [true] but found [false]
at com.employee_api.TestCases.TC003_Post_EmployeeData.checkResponseBody(TC003_Post_EmployeeData.java:81)
at java.util.ArrayList.forEach(ArrayList.java:1257)
... Removed 31 stack frames]]>
    </failure>
  </testcase> <!-- checkResponseBody -->
  <testcase name="checkResponseTime" time="0.019" classname="com.employee_api.TestCases.TC003_Post_EmployeeData"/>
  <testcase name="checkServerType" time="0.002" classname="com.employee_api.TestCases.TC003_Post_EmployeeData"/>
  <testcase name="checkStatusCode" time="0.002" classname="com.employee_api.TestCases.TC003_Post_EmployeeData">
    <failure type="java.lang.AssertionError" message="expected [200] but found [429]">
      <![CDATA[java.lang.AssertionError: expected [200] but found [429]
at com.employee_api.TestCases.TC003_Post_EmployeeData.checkStatusCode(TC003_Post_EmployeeData.java:62)
at java.util.ArrayList.forEach(ArrayList.java:1257)
... Removed 33 stack frames]]>
    </failure>
  </testcase> <!-- checkStatusCode -->
  <testcase name="checkStatusLine" time="0.005" classname="com.employee_api.TestCases.TC003_Post_EmployeeData">
    <failure type="java.lang.AssertionError" message="expected [HTTP/1.1 200 OK] but found [HTTP/1.1 429 Too Many Requests]">
      <![CDATA[java.lang.AssertionError: expected [HTTP/1.1 200 OK] but found [HTTP/1.1 429 Too Many Requests]
at com.employee_api.TestCases.TC003_Post_EmployeeData.checkStatusLine(TC003_Post_EmployeeData.java:72)
at java.util.ArrayList.forEach(ArrayList.java:1257)
... Removed 33 stack frames]]>
    </failure>
  </testcase> <!-- checkStatusLine -->
  <testcase name="contentType" time="0.007" classname="com.employee_api.TestCases.TC003_Post_EmployeeData">
    <failure type="java.lang.AssertionError" message="expected [application/json] but found [text/html; charset=UTF-8]">
      <![CDATA[java.lang.AssertionError: expected [application/json] but found [text/html; charset=UTF-8]
at com.employee_api.TestCases.TC003_Post_EmployeeData.contentType(TC003_Post_EmployeeData.java:109)
at java.util.ArrayList.forEach(ArrayList.java:1257)
... Removed 33 stack frames]]>
    </failure>
  </testcase> <!-- contentType -->
  <testcase name="checkContentEncoding" time="0.008" classname="com.employee_api.TestCases.TC004_PUT_Employee">
    <failure type="java.lang.AssertionError" message="expected [gzip] but found [null]">
      <![CDATA[java.lang.AssertionError: expected [gzip] but found [null]
at com.employee_api.TestCases.TC004_PUT_Employee.checkContentEncoding(TC004_PUT_Employee.java:130)
at java.util.ArrayList.forEach(ArrayList.java:1257)
... Removed 33 stack frames]]>
    </failure>
  </testcase> <!-- checkContentEncoding -->
  <testcase name="checkContentLength" time="0.004" classname="com.employee_api.TestCases.TC004_PUT_Employee">
    <failure type="java.lang.NumberFormatException" message="null">
      <![CDATA[java.lang.NumberFormatException: null
at java.lang.Integer.parseInt(Integer.java:542)
at java.lang.Integer.parseInt(Integer.java:615)
at com.employee_api.TestCases.TC004_PUT_Employee.checkContentLength(TC004_PUT_Employee.java:138)
at java.util.ArrayList.forEach(ArrayList.java:1257)
... Removed 27 stack frames]]>
    </failure>
  </testcase> <!-- checkContentLength -->
  <testcase name="checkResponseBody" time="0.004" classname="com.employee_api.TestCases.TC004_PUT_Employee">
    <failure type="java.lang.AssertionError" message="expected [true] but found [false]">
      <![CDATA[java.lang.AssertionError: expected [true] but found [false]
at com.employee_api.TestCases.TC004_PUT_Employee.checkResponseBody(TC004_PUT_Employee.java:81)
at java.util.ArrayList.forEach(ArrayList.java:1257)
... Removed 31 stack frames]]>
    </failure>
  </testcase> <!-- checkResponseBody -->
  <testcase name="checkResponseTime" time="0.002" classname="com.employee_api.TestCases.TC004_PUT_Employee"/>
  <testcase name="checkServerType" time="0.006" classname="com.employee_api.TestCases.TC004_PUT_Employee"/>
  <testcase name="checkStatusCode" time="0.004" classname="com.employee_api.TestCases.TC004_PUT_Employee">
    <failure type="java.lang.AssertionError" message="expected [200] but found [429]">
      <![CDATA[java.lang.AssertionError: expected [200] but found [429]
at com.employee_api.TestCases.TC004_PUT_Employee.checkStatusCode(TC004_PUT_Employee.java:62)
at java.util.ArrayList.forEach(ArrayList.java:1257)
... Removed 33 stack frames]]>
    </failure>
  </testcase> <!-- checkStatusCode -->
  <testcase name="checkStatusLine" time="0.007" classname="com.employee_api.TestCases.TC004_PUT_Employee">
    <failure type="java.lang.AssertionError" message="expected [HTTP/1.1 200 OK] but found [HTTP/1.1 429 Too Many Requests]">
      <![CDATA[java.lang.AssertionError: expected [HTTP/1.1 200 OK] but found [HTTP/1.1 429 Too Many Requests]
at com.employee_api.TestCases.TC004_PUT_Employee.checkStatusLine(TC004_PUT_Employee.java:72)
at java.util.ArrayList.forEach(ArrayList.java:1257)
... Removed 33 stack frames]]>
    </failure>
  </testcase> <!-- checkStatusLine -->
  <testcase name="contentType" time="0.021" classname="com.employee_api.TestCases.TC004_PUT_Employee">
    <failure type="java.lang.AssertionError" message="expected [application/json] but found [text/html; charset=UTF-8]">
      <![CDATA[java.lang.AssertionError: expected [application/json] but found [text/html; charset=UTF-8]
at com.employee_api.TestCases.TC004_PUT_Employee.contentType(TC004_PUT_Employee.java:109)
at java.util.ArrayList.forEach(ArrayList.java:1257)
... Removed 33 stack frames]]>
    </failure>
  </testcase> <!-- contentType -->
</testsuite> <!-- EmployeeRestAPITest -->
