<?xml version="1.0" encoding="UTF-8"?>
<testsuite xmlns:xsi="http://www.w3.org/2001/XMLSchema-instance" xsi:noNamespaceSchemaLocation="https://maven.apache.org/surefire/maven-surefire-plugin/xsd/surefire-test-report-3.0.xsd" version="3.0" name="TestSuite" time="47.871" tests="33" errors="0" skipped="0" failures="3">
  <properties>
[...]
</properties>
  <testcase name="checkContentEncoding" classname="com.employee_api.TestCases.TC001_GetAllEmployees" time="0.014">
    <system-out><![CDATA[[TestNGContentHandler] [WARN] It is strongly recommended to add "<!DOCTYPE suite SYSTEM "https://testng.org/testng-1.0.dtd" >" at the top of the suite file [E:\eclipse workspace\RestAssuredRestAPITesting_Employee_Project\testng.xml] otherwise TestNG may fail or not work as expected.
06-18-2021 00:49:52 TC001_GetAllEmployees.java INFO  [main] EmployeeRestAPI 20 - Started Test case 001
06-18-2021 00:50:07 TC001_GetAllEmployees.java INFO  [main] EmployeeRestAPI 25 - checking Response body
Response body{"status":"success","data":[{"id":1,"employee_name":"Tiger Nixon","employee_salary":320800,"employee_age":61,"profile_image":""},{"id":2,"employee_name":"Garrett Winters","employee_salary":170750,"employee_age":63,"profile_image":""},{"id":3,"employee_name":"Ashton Cox","employee_salary":86000,"employee_age":66,"profile_image":""},{"id":4,"employee_name":"Cedric Kelly","employee_salary":433060,"employee_age":22,"profile_image":""},{"id":5,"employee_name":"Airi Satou","employee_salary":162700,"employee_age":33,"profile_image":""},{"id":6,"employee_name":"Brielle Williamson","employee_salary":372000,"employee_age":61,"profile_image":""},{"id":7,"employee_name":"Herrod Chandler","employee_salary":137500,"employee_age":59,"profile_image":""},{"id":8,"employee_name":"Rhona Davidson","employee_salary":327900,"employee_age":55,"profile_image":""},{"id":9,"employee_name":"Colleen Hurst","employee_salary":205500,"employee_age":39,"profile_image":""},{"id":10,"employee_name":"Sonya Frost","employee_salary":103600,"employee_age":23,"profile_image":""},{"id":11,"employee_name":"Jena Gaines","employee_salary":90560,"employee_age":30,"profile_image":""},{"id":12,"employee_name":"Quinn Flynn","employee_salary":342000,"employee_age":22,"profile_image":""},{"id":13,"employee_name":"Charde Marshall","employee_salary":470600,"employee_age":36,"profile_image":""},{"id":14,"employee_name":"Haley Kennedy","employee_salary":313500,"employee_age":43,"profile_image":""},{"id":15,"employee_name":"Tatyana Fitzpatrick","employee_salary":385750,"employee_age":19,"profile_image":""},{"id":16,"employee_name":"Michael Silva","employee_salary":198500,"employee_age":66,"profile_image":""},{"id":17,"employee_name":"Paul Byrd","employee_salary":725000,"employee_age":64,"profile_image":""},{"id":18,"employee_name":"Gloria Little","employee_salary":237500,"employee_age":59,"profile_image":""},{"id":19,"employee_name":"Bradley Greer","employee_salary":132000,"employee_age":41,"profile_image":""},{"id":20,"employee_name":"Dai Rios","employee_salary":217500,"employee_age":35,"profile_image":""},{"id":21,"employee_name":"Jenette Caldwell","employee_salary":345000,"employee_age":30,"profile_image":""},{"id":22,"employee_name":"Yuri Berry","employee_salary":675000,"employee_age":40,"profile_image":""},{"id":23,"employee_name":"Caesar Vance","employee_salary":106450,"employee_age":21,"profile_image":""},{"id":24,"employee_name":"Doris Wilder","employee_salary":85600,"employee_age":23,"profile_image":""}],"message":"Successfully! All records has been fetched."}
06-18-2021 00:50:11 TC001_GetAllEmployees.java INFO  [main] EmployeeRestAPI 98 - Checking content encoding
Content encoding isgzip
]]></system-out>
    <system-err><![CDATA[SLF4J: Failed to load class "org.slf4j.impl.StaticLoggerBinder".
SLF4J: Defaulting to no-operation (NOP) logger implementation
SLF4J: See http://www.slf4j.org/codes.html#StaticLoggerBinder for further details.
]]></system-err>
  </testcase>
  <testcase name="checkContentLength" classname="com.employee_api.TestCases.TC001_GetAllEmployees" time="0.014">
    <system-out><![CDATA[06-18-2021 00:50:11 TC001_GetAllEmployees.java INFO  [main] EmployeeRestAPI 109 - Checking content length
Content-length is631
]]></system-out>
  </testcase>
  <testcase name="checkCookies" classname="com.employee_api.TestCases.TC001_GetAllEmployees" time="0.01">
    <system-out><![CDATA[06-18-2021 00:50:11 TC001_GetAllEmployees.java INFO  [main] EmployeeRestAPI 121 - Checking cookies
]]></system-out>
  </testcase>
  <testcase name="checkResponseBody" classname="com.employee_api.TestCases.TC001_GetAllEmployees" time="0.245">
    <system-out><![CDATA[06-18-2021 00:50:11 TC001_GetAllEmployees.java INFO  [main] EmployeeRestAPI 35 - checking Response body
Response body{"status":"success","data":[{"id":1,"employee_name":"Tiger Nixon","employee_salary":320800,"employee_age":61,"profile_image":""},{"id":2,"employee_name":"Garrett Winters","employee_salary":170750,"employee_age":63,"profile_image":""},{"id":3,"employee_name":"Ashton Cox","employee_salary":86000,"employee_age":66,"profile_image":""},{"id":4,"employee_name":"Cedric Kelly","employee_salary":433060,"employee_age":22,"profile_image":""},{"id":5,"employee_name":"Airi Satou","employee_salary":162700,"employee_age":33,"profile_image":""},{"id":6,"employee_name":"Brielle Williamson","employee_salary":372000,"employee_age":61,"profile_image":""},{"id":7,"employee_name":"Herrod Chandler","employee_salary":137500,"employee_age":59,"profile_image":""},{"id":8,"employee_name":"Rhona Davidson","employee_salary":327900,"employee_age":55,"profile_image":""},{"id":9,"employee_name":"Colleen Hurst","employee_salary":205500,"employee_age":39,"profile_image":""},{"id":10,"employee_name":"Sonya Frost","employee_salary":103600,"employee_age":23,"profile_image":""},{"id":11,"employee_name":"Jena Gaines","employee_salary":90560,"employee_age":30,"profile_image":""},{"id":12,"employee_name":"Quinn Flynn","employee_salary":342000,"employee_age":22,"profile_image":""},{"id":13,"employee_name":"Charde Marshall","employee_salary":470600,"employee_age":36,"profile_image":""},{"id":14,"employee_name":"Haley Kennedy","employee_salary":313500,"employee_age":43,"profile_image":""},{"id":15,"employee_name":"Tatyana Fitzpatrick","employee_salary":385750,"employee_age":19,"profile_image":""},{"id":16,"employee_name":"Michael Silva","employee_salary":198500,"employee_age":66,"profile_image":""},{"id":17,"employee_name":"Paul Byrd","employee_salary":725000,"employee_age":64,"profile_image":""},{"id":18,"employee_name":"Gloria Little","employee_salary":237500,"employee_age":59,"profile_image":""},{"id":19,"employee_name":"Bradley Greer","employee_salary":132000,"employee_age":41,"profile_image":""},{"id":20,"employee_name":"Dai Rios","employee_salary":217500,"employee_age":35,"profile_image":""},{"id":21,"employee_name":"Jenette Caldwell","employee_salary":345000,"employee_age":30,"profile_image":""},{"id":22,"employee_name":"Yuri Berry","employee_salary":675000,"employee_age":40,"profile_image":""},{"id":23,"employee_name":"Caesar Vance","employee_salary":106450,"employee_age":21,"profile_image":""},{"id":24,"employee_name":"Doris Wilder","employee_salary":85600,"employee_age":23,"profile_image":""}],"message":"Successfully! All records has been fetched."}
]]></system-out>
  </testcase>
  <testcase name="checkResponseTime" classname="com.employee_api.TestCases.TC001_GetAllEmployees" time="0.018">
    <system-out><![CDATA[06-18-2021 00:50:11 TC001_GetAllEmployees.java INFO  [main] EmployeeRestAPI 51 - Checking response time
response time is8440
06-18-2021 00:50:11 TC001_GetAllEmployees.java WARN  [main] EmployeeRestAPI 57 - Response time is greater than 2000
]]></system-out>
  </testcase>
  <testcase name="checkServerType" classname="com.employee_api.TestCases.TC001_GetAllEmployees" time="0.01">
    <system-out><![CDATA[06-18-2021 00:50:11 TC001_GetAllEmployees.java INFO  [main] EmployeeRestAPI 88 - Checking server type
Server Type iscloudflare
]]></system-out>
  </testcase>
  <testcase name="checkStatusCode" classname="com.employee_api.TestCases.TC001_GetAllEmployees" time="0.007">
    <system-out><![CDATA[06-18-2021 00:50:11 TC001_GetAllEmployees.java INFO  [main] EmployeeRestAPI 43 - Checking status code
Check stats code200
]]></system-out>
  </testcase>
  <testcase name="checkStatusLine" classname="com.employee_api.TestCases.TC001_GetAllEmployees" time="0.01">
    <system-out><![CDATA[06-18-2021 00:50:11 TC001_GetAllEmployees.java INFO  [main] EmployeeRestAPI 66 - Checking Status line
Status line isHTTP/1.1 200 OK
]]></system-out>
  </testcase>
  <testcase name="contentType" classname="com.employee_api.TestCases.TC001_GetAllEmployees" time="0.01">
    <system-out><![CDATA[06-18-2021 00:50:11 TC001_GetAllEmployees.java INFO  [main] EmployeeRestAPI 78 - Checking Content Type
Content Type isapplication/json
]]></system-out>
  </testcase>
  <testcase name="checkContentEncoding" classname="com.employee_api.TestCases.TC002_Get_Employee" time="0.108">
    <system-out><![CDATA[06-18-2021 00:50:11 TC001_GetAllEmployees.java INFO  [main] EmployeeRestAPI 127 - Test Cases finished
06-18-2021 00:50:11 TC002_Get_Employee.java INFO  [main] EmployeeRestAPI 18 - Starting TestCase 002
 response body{"status":"success","data":{"id":6,"employee_name":"Brielle Williamson","employee_salary":372000,"employee_age":61,"profile_image":""},"message":"Successfully! Record has been fetched."}
06-18-2021 00:50:15 TC002_Get_Employee.java INFO  [main] EmployeeRestAPI 95 - Checking content encoding
Content encoding isgzip
]]></system-out>
  </testcase>
  <testcase name="checkContentLength" classname="com.employee_api.TestCases.TC002_Get_Employee" time="0.028">
    <failure message="null" type="java.lang.NumberFormatException"><![CDATA[java.lang.NumberFormatException: null
	at com.employee_api.TestCases.TC002_Get_Employee.checkContentLength(TC002_Get_Employee.java:108)
]]></failure>
    <system-out><![CDATA[06-18-2021 00:50:15 TC002_Get_Employee.java INFO  [main] EmployeeRestAPI 106 - Checking content length
]]></system-out>
  </testcase>
  <testcase name="checkEmployeeIdinResponse" classname="com.employee_api.TestCases.TC002_Get_Employee" time="0"/>
  <testcase name="checkResponseTime" classname="com.employee_api.TestCases.TC002_Get_Employee" time="0.029">
    <system-out><![CDATA[06-18-2021 00:50:15 TC002_Get_Employee.java INFO  [main] EmployeeRestAPI 58 - Checking response time
response time is1302
]]></system-out>
  </testcase>
  <testcase name="checkServerType" classname="com.employee_api.TestCases.TC002_Get_Employee" time="0.028">
    <system-out><![CDATA[06-18-2021 00:50:15 TC002_Get_Employee.java INFO  [main] EmployeeRestAPI 85 - Checking server type
Server Type iscloudflare
]]></system-out>
  </testcase>
  <testcase name="checkStatusCode" classname="com.employee_api.TestCases.TC002_Get_Employee" time="0.027">
    <system-out><![CDATA[06-18-2021 00:50:15 TC002_Get_Employee.java INFO  [main] EmployeeRestAPI 39 - Checking status code
Check stats code200
]]></system-out>
  </testcase>
  <testcase name="checkStatusLine" classname="com.employee_api.TestCases.TC002_Get_Employee" time="0.044">
    <system-out><![CDATA[06-18-2021 00:50:15 TC002_Get_Employee.java INFO  [main] EmployeeRestAPI 47 - Checking Status line
Status line isHTTP/1.1 200 OK
]]></system-out>
  </testcase>
  <testcase name="contentType" classname="com.employee_api.TestCases.TC002_Get_Employee" time="0.046">
    <system-out><![CDATA[06-18-2021 00:50:15 TC002_Get_Employee.java INFO  [main] EmployeeRestAPI 75 - Checking Content Type
Content Type isapplication/json
]]></system-out>
  </testcase>
  <testcase name="checkContentEncoding" classname="com.employee_api.TestCases.TC003_Post_EmployeeData" time="0.05">
    <system-out><![CDATA[06-18-2021 00:50:15 TC002_Get_Employee.java INFO  [main] EmployeeRestAPI 119 - Test Cases finished
06-18-2021 00:50:15 TC003_Post_EmployeeData.java INFO  [main] EmployeeRestAPI 29 - Started Test Case 003
Response Body is{"status":"success","data":{"name":"johnXQO","salary":"8501","age":"13","id":1180},"message":"Successfully! Record has been added."}
06-18-2021 00:50:22 TC003_Post_EmployeeData.java INFO  [main] EmployeeRestAPI 125 - Checking content encoding
Content encoding isgzip
]]></system-out>
  </testcase>
  <testcase name="checkContentLength" classname="com.employee_api.TestCases.TC003_Post_EmployeeData" time="0.033">
    <failure message="null" type="java.lang.NumberFormatException"><![CDATA[java.lang.NumberFormatException: null
	at com.employee_api.TestCases.TC003_Post_EmployeeData.checkContentLength(TC003_Post_EmployeeData.java:138)
]]></failure>
    <system-out><![CDATA[06-18-2021 00:50:22 TC003_Post_EmployeeData.java INFO  [main] EmployeeRestAPI 136 - Checking content length
]]></system-out>
  </testcase>
  <testcase name="checkResponseBody" classname="com.employee_api.TestCases.TC003_Post_EmployeeData" time="0.029">
    <system-out><![CDATA[06-18-2021 00:50:22 TC003_Post_EmployeeData.java INFO  [main] EmployeeRestAPI 79 - Checking Response Body
]]></system-out>
  </testcase>
  <testcase name="checkResponseTime" classname="com.employee_api.TestCases.TC003_Post_EmployeeData" time="0.051">
    <system-out><![CDATA[06-18-2021 00:50:22 TC003_Post_EmployeeData.java INFO  [main] EmployeeRestAPI 88 - Checking response time
response time is1665
]]></system-out>
  </testcase>
  <testcase name="checkServerType" classname="com.employee_api.TestCases.TC003_Post_EmployeeData" time="0.044">
    <system-out><![CDATA[06-18-2021 00:50:22 TC003_Post_EmployeeData.java INFO  [main] EmployeeRestAPI 115 - Checking server type
Server Type iscloudflare
]]></system-out>
  </testcase>
  <testcase name="checkStatusCode" classname="com.employee_api.TestCases.TC003_Post_EmployeeData" time="0.06">
    <system-out><![CDATA[06-18-2021 00:50:22 TC003_Post_EmployeeData.java INFO  [main] EmployeeRestAPI 60 - Checking status code
Check stats code200
]]></system-out>
  </testcase>
  <testcase name="checkStatusLine" classname="com.employee_api.TestCases.TC003_Post_EmployeeData" time="0.039">
    <system-out><![CDATA[06-18-2021 00:50:22 TC003_Post_EmployeeData.java INFO  [main] EmployeeRestAPI 68 - Checking Status line
Status line isHTTP/1.1 200 OK
]]></system-out>
  </testcase>
  <testcase name="contentType" classname="com.employee_api.TestCases.TC003_Post_EmployeeData" time="0.023">
    <system-out><![CDATA[06-18-2021 00:50:22 TC003_Post_EmployeeData.java INFO  [main] EmployeeRestAPI 105 - Checking Content Type
Content Type isapplication/json
]]></system-out>
  </testcase>
  <testcase name="checkContentEncoding" classname="com.employee_api.TestCases.TC004_PUT_Employee" time="0.012">
    <system-out><![CDATA[06-18-2021 00:50:22 TC003_Post_EmployeeData.java INFO  [main] EmployeeRestAPI 149 - Test Cases finished
06-18-2021 00:50:22 TC004_PUT_Employee.java INFO  [main] EmployeeRestAPI 29 - Started Test Case 003
Response Body is{"status":"success","data":{"name":"johnQvd","salary":"2827","age":"98"},"message":"Successfully! Record has been updated."}
06-18-2021 00:50:29 TC004_PUT_Employee.java INFO  [main] EmployeeRestAPI 125 - Checking content encoding
Content encoding isgzip
]]></system-out>
  </testcase>
  <testcase name="checkContentLength" classname="com.employee_api.TestCases.TC004_PUT_Employee" time="0.008">
    <failure message="null" type="java.lang.NumberFormatException"><![CDATA[java.lang.NumberFormatException: null
	at com.employee_api.TestCases.TC004_PUT_Employee.checkContentLength(TC004_PUT_Employee.java:138)
]]></failure>
    <system-out><![CDATA[06-18-2021 00:50:29 TC004_PUT_Employee.java INFO  [main] EmployeeRestAPI 136 - Checking content length
]]></system-out>
  </testcase>
  <testcase name="checkResponseBody" classname="com.employee_api.TestCases.TC004_PUT_Employee" time="0.008">
    <system-out><![CDATA[06-18-2021 00:50:29 TC004_PUT_Employee.java INFO  [main] EmployeeRestAPI 79 - Checking Response Body
]]></system-out>
  </testcase>
  <testcase name="checkResponseTime" classname="com.employee_api.TestCases.TC004_PUT_Employee" time="0.008">
    <system-out><![CDATA[06-18-2021 00:50:29 TC004_PUT_Employee.java INFO  [main] EmployeeRestAPI 88 - Checking response time
response time is1597
]]></system-out>
  </testcase>
  <testcase name="checkServerType" classname="com.employee_api.TestCases.TC004_PUT_Employee" time="0.011">
    <system-out><![CDATA[06-18-2021 00:50:29 TC004_PUT_Employee.java INFO  [main] EmployeeRestAPI 115 - Checking server type
Server Type iscloudflare
]]></system-out>
  </testcase>
  <testcase name="checkStatusCode" classname="com.employee_api.TestCases.TC004_PUT_Employee" time="0.007">
    <system-out><![CDATA[06-18-2021 00:50:29 TC004_PUT_Employee.java INFO  [main] EmployeeRestAPI 60 - Checking status code
Check stats code200
]]></system-out>
  </testcase>
  <testcase name="checkStatusLine" classname="com.employee_api.TestCases.TC004_PUT_Employee" time="0.011">
    <system-out><![CDATA[06-18-2021 00:50:29 TC004_PUT_Employee.java INFO  [main] EmployeeRestAPI 68 - Checking Status line
Status line isHTTP/1.1 200 OK
]]></system-out>
  </testcase>
  <testcase name="contentType" classname="com.employee_api.TestCases.TC004_PUT_Employee" time="0.01">
    <system-out><![CDATA[06-18-2021 00:50:29 TC004_PUT_Employee.java INFO  [main] EmployeeRestAPI 105 - Checking Content Type
Content Type isapplication/json
]]></system-out>
  </testcase>
</testsuite>