<?xml version="1.0" encoding="UTF-8"?>
<testng-results ignored="0" total="33" passed="30" failed="3" skipped="0">
  <reporter-output>
  </reporter-output>
  <suite started-at="2021-06-18T00:49:51 PDT" name="EmployeesRestAPISuite" finished-at="2021-06-18T00:50:29 PDT" duration-ms="38066">
    <groups>
    </groups>
    <test started-at="2021-06-18T00:49:51 PDT" name="EmployeeRestAPITest" finished-at="2021-06-18T00:50:29 PDT" duration-ms="38066">
      <class name="com.employee_api.TestCases.TC003_Post_EmployeeData">
        <test-method is-config="true" signature="setup()[pri:0, instance:com.employee_api.TestCases.TC003_Post_EmployeeData@f736069]" started-at="2021-06-18T00:50:15 PDT" name="setup" finished-at="2021-06-18T00:50:15 PDT" duration-ms="25" status="PASS">
          <reporter-output>
          </reporter-output>
        </test-method> <!-- setup -->
        <test-method is-config="true" signature="Post_Employee_data()[pri:0, instance:com.employee_api.TestCases.TC003_Post_EmployeeData@f736069]" started-at="2021-06-18T00:50:15 PDT" name="Post_Employee_data" finished-at="2021-06-18T00:50:22 PDT" duration-ms="6811" status="PASS">
          <reporter-output>
          </reporter-output>
        </test-method> <!-- Post_Employee_data -->
        <test-method signature="checkContentEncoding()[pri:0, instance:com.employee_api.TestCases.TC003_Post_EmployeeData@f736069]" started-at="2021-06-18T00:50:22 PDT" name="checkContentEncoding" finished-at="2021-06-18T00:50:22 PDT" duration-ms="4" status="PASS">
          <reporter-output>
          </reporter-output>
        </test-method> <!-- checkContentEncoding -->
        <test-method signature="checkContentLength()[pri:0, instance:com.employee_api.TestCases.TC003_Post_EmployeeData@f736069]" started-at="2021-06-18T00:50:22 PDT" name="checkContentLength" finished-at="2021-06-18T00:50:22 PDT" duration-ms="2" status="FAIL">
          <exception class="java.lang.NumberFormatException">
            <message>
              <![CDATA[null]]>
            </message>
            <full-stacktrace>
              <![CDATA[java.lang.NumberFormatException: null
at java.base/java.lang.Integer.parseInt(Integer.java:614)
at java.base/java.lang.Integer.parseInt(Integer.java:770)
at com.employee_api.TestCases.TC003_Post_EmployeeData.checkContentLength(TC003_Post_EmployeeData.java:138)
at java.base/jdk.internal.reflect.NativeMethodAccessorImpl.invoke0(Native Method)
at java.base/jdk.internal.reflect.NativeMethodAccessorImpl.invoke(NativeMethodAccessorImpl.java:62)
at java.base/jdk.internal.reflect.DelegatingMethodAccessorImpl.invoke(DelegatingMethodAccessorImpl.java:43)
at java.base/java.lang.reflect.Method.invoke(Method.java:566)
at org.testng.internal.MethodInvocationHelper.invokeMethod(MethodInvocationHelper.java:133)
at org.testng.internal.TestInvoker.invokeMethod(TestInvoker.java:598)
at org.testng.internal.TestInvoker.invokeTestMethod(TestInvoker.java:173)
at org.testng.internal.MethodRunner.runInSequence(MethodRunner.java:46)
at org.testng.internal.TestInvoker$MethodInvocationAgent.invoke(TestInvoker.java:824)
at org.testng.internal.TestInvoker.invokeTestMethods(TestInvoker.java:146)
at org.testng.internal.TestMethodWorker.invokeTestMethods(TestMethodWorker.java:146)
at org.testng.internal.TestMethodWorker.run(TestMethodWorker.java:128)
at java.base/java.util.ArrayList.forEach(ArrayList.java:1540)
at org.testng.TestRunner.privateRun(TestRunner.java:794)
at org.testng.TestRunner.run(TestRunner.java:596)
at org.testng.SuiteRunner.runTest(SuiteRunner.java:377)
at org.testng.SuiteRunner.runSequentially(SuiteRunner.java:371)
at org.testng.SuiteRunner.privateRun(SuiteRunner.java:332)
at org.testng.SuiteRunner.run(SuiteRunner.java:276)
at org.testng.SuiteRunnerWorker.runSuite(SuiteRunnerWorker.java:53)
at org.testng.SuiteRunnerWorker.run(SuiteRunnerWorker.java:96)
at org.testng.TestNG.runSuitesSequentially(TestNG.java:1212)
at org.testng.TestNG.runSuitesLocally(TestNG.java:1134)
at org.testng.TestNG.runSuites(TestNG.java:1063)
at org.testng.TestNG.run(TestNG.java:1031)
at org.apache.maven.surefire.testng.TestNGExecutor.run(TestNGExecutor.java:284)
at org.apache.maven.surefire.testng.TestNGXmlTestSuite.execute(TestNGXmlTestSuite.java:75)
at org.apache.maven.surefire.testng.TestNGProvider.invoke(TestNGProvider.java:119)
at org.apache.maven.surefire.booter.ForkedBooter.runSuitesInProcess(ForkedBooter.java:428)
at org.apache.maven.surefire.booter.ForkedBooter.execute(ForkedBooter.java:162)
at org.apache.maven.surefire.booter.ForkedBooter.run(ForkedBooter.java:562)
at org.apache.maven.surefire.booter.ForkedBooter.main(ForkedBooter.java:548)
]]>
            </full-stacktrace>
          </exception> <!-- java.lang.NumberFormatException -->
          <reporter-output>
          </reporter-output>
        </test-method> <!-- checkContentLength -->
        <test-method signature="checkResponseBody()[pri:0, instance:com.employee_api.TestCases.TC003_Post_EmployeeData@f736069]" started-at="2021-06-18T00:50:22 PDT" name="checkResponseBody" finished-at="2021-06-18T00:50:22 PDT" duration-ms="3" status="PASS">
          <reporter-output>
          </reporter-output>
        </test-method> <!-- checkResponseBody -->
        <test-method signature="checkResponseTime()[pri:0, instance:com.employee_api.TestCases.TC003_Post_EmployeeData@f736069]" started-at="2021-06-18T00:50:22 PDT" name="checkResponseTime" finished-at="2021-06-18T00:50:22 PDT" duration-ms="3" status="PASS">
          <reporter-output>
          </reporter-output>
        </test-method> <!-- checkResponseTime -->
        <test-method signature="checkServerType()[pri:0, instance:com.employee_api.TestCases.TC003_Post_EmployeeData@f736069]" started-at="2021-06-18T00:50:22 PDT" name="checkServerType" finished-at="2021-06-18T00:50:22 PDT" duration-ms="6" status="PASS">
          <reporter-output>
          </reporter-output>
        </test-method> <!-- checkServerType -->
        <test-method signature="checkStatusCode()[pri:0, instance:com.employee_api.TestCases.TC003_Post_EmployeeData@f736069]" started-at="2021-06-18T00:50:22 PDT" name="checkStatusCode" finished-at="2021-06-18T00:50:22 PDT" duration-ms="3" status="PASS">
          <reporter-output>
          </reporter-output>
        </test-method> <!-- checkStatusCode -->
        <test-method signature="checkStatusLine()[pri:0, instance:com.employee_api.TestCases.TC003_Post_EmployeeData@f736069]" started-at="2021-06-18T00:50:22 PDT" name="checkStatusLine" finished-at="2021-06-18T00:50:22 PDT" duration-ms="3" status="PASS">
          <reporter-output>
          </reporter-output>
        </test-method> <!-- checkStatusLine -->
        <test-method signature="contentType()[pri:0, instance:com.employee_api.TestCases.TC003_Post_EmployeeData@f736069]" started-at="2021-06-18T00:50:22 PDT" name="contentType" finished-at="2021-06-18T00:50:22 PDT" duration-ms="3" status="PASS">
          <reporter-output>
          </reporter-output>
        </test-method> <!-- contentType -->
        <test-method is-config="true" signature="teardown()[pri:0, instance:com.employee_api.TestCases.TC003_Post_EmployeeData@f736069]" started-at="2021-06-18T00:50:22 PDT" name="teardown" finished-at="2021-06-18T00:50:22 PDT" duration-ms="3" status="PASS">
          <reporter-output>
          </reporter-output>
        </test-method> <!-- teardown -->
      </class> <!-- com.employee_api.TestCases.TC003_Post_EmployeeData -->
      <class name="com.employee_api.TestCases.TC004_PUT_Employee">
        <test-method is-config="true" signature="setup()[pri:0, instance:com.employee_api.TestCases.TC004_PUT_Employee@6da21078]" started-at="2021-06-18T00:50:22 PDT" name="setup" finished-at="2021-06-18T00:50:22 PDT" duration-ms="12" status="PASS">
          <reporter-output>
          </reporter-output>
        </test-method> <!-- setup -->
        <test-method is-config="true" signature="Post_Employee_data()[pri:0, instance:com.employee_api.TestCases.TC004_PUT_Employee@6da21078]" started-at="2021-06-18T00:50:22 PDT" name="Post_Employee_data" finished-at="2021-06-18T00:50:29 PDT" duration-ms="6651" status="PASS">
          <reporter-output>
          </reporter-output>
        </test-method> <!-- Post_Employee_data -->
        <test-method signature="checkContentEncoding()[pri:0, instance:com.employee_api.TestCases.TC004_PUT_Employee@6da21078]" started-at="2021-06-18T00:50:29 PDT" name="checkContentEncoding" finished-at="2021-06-18T00:50:29 PDT" duration-ms="2" status="PASS">
          <reporter-output>
          </reporter-output>
        </test-method> <!-- checkContentEncoding -->
        <test-method signature="checkContentLength()[pri:0, instance:com.employee_api.TestCases.TC004_PUT_Employee@6da21078]" started-at="2021-06-18T00:50:29 PDT" name="checkContentLength" finished-at="2021-06-18T00:50:29 PDT" duration-ms="2" status="FAIL">
          <exception class="java.lang.NumberFormatException">
            <message>
              <![CDATA[null]]>
            </message>
            <full-stacktrace>
              <![CDATA[java.lang.NumberFormatException: null
at java.base/java.lang.Integer.parseInt(Integer.java:614)
at java.base/java.lang.Integer.parseInt(Integer.java:770)
at com.employee_api.TestCases.TC004_PUT_Employee.checkContentLength(TC004_PUT_Employee.java:138)
at java.base/jdk.internal.reflect.NativeMethodAccessorImpl.invoke0(Native Method)
at java.base/jdk.internal.reflect.NativeMethodAccessorImpl.invoke(NativeMethodAccessorImpl.java:62)
at java.base/jdk.internal.reflect.DelegatingMethodAccessorImpl.invoke(DelegatingMethodAccessorImpl.java:43)
at java.base/java.lang.reflect.Method.invoke(Method.java:566)
at org.testng.internal.MethodInvocationHelper.invokeMethod(MethodInvocationHelper.java:133)
at org.testng.internal.TestInvoker.invokeMethod(TestInvoker.java:598)
at org.testng.internal.TestInvoker.invokeTestMethod(TestInvoker.java:173)
at org.testng.internal.MethodRunner.runInSequence(MethodRunner.java:46)
at org.testng.internal.TestInvoker$MethodInvocationAgent.invoke(TestInvoker.java:824)
at org.testng.internal.TestInvoker.invokeTestMethods(TestInvoker.java:146)
at org.testng.internal.TestMethodWorker.invokeTestMethods(TestMethodWorker.java:146)
at org.testng.internal.TestMethodWorker.run(TestMethodWorker.java:128)
at java.base/java.util.ArrayList.forEach(ArrayList.java:1540)
at org.testng.TestRunner.privateRun(TestRunner.java:794)
at org.testng.TestRunner.run(TestRunner.java:596)
at org.testng.SuiteRunner.runTest(SuiteRunner.java:377)
at org.testng.SuiteRunner.runSequentially(SuiteRunner.java:371)
at org.testng.SuiteRunner.privateRun(SuiteRunner.java:332)
at org.testng.SuiteRunner.run(SuiteRunner.java:276)
at org.testng.SuiteRunnerWorker.runSuite(SuiteRunnerWorker.java:53)
at org.testng.SuiteRunnerWorker.run(SuiteRunnerWorker.java:96)
at org.testng.TestNG.runSuitesSequentially(TestNG.java:1212)
at org.testng.TestNG.runSuitesLocally(TestNG.java:1134)
at org.testng.TestNG.runSuites(TestNG.java:1063)
at org.testng.TestNG.run(TestNG.java:1031)
at org.apache.maven.surefire.testng.TestNGExecutor.run(TestNGExecutor.java:284)
at org.apache.maven.surefire.testng.TestNGXmlTestSuite.execute(TestNGXmlTestSuite.java:75)
at org.apache.maven.surefire.testng.TestNGProvider.invoke(TestNGProvider.java:119)
at org.apache.maven.surefire.booter.ForkedBooter.runSuitesInProcess(ForkedBooter.java:428)
at org.apache.maven.surefire.booter.ForkedBooter.execute(ForkedBooter.java:162)
at org.apache.maven.surefire.booter.ForkedBooter.run(ForkedBooter.java:562)
at org.apache.maven.surefire.booter.ForkedBooter.main(ForkedBooter.java:548)
]]>
            </full-stacktrace>
          </exception> <!-- java.lang.NumberFormatException -->
          <reporter-output>
          </reporter-output>
        </test-method> <!-- checkContentLength -->
        <test-method signature="checkResponseBody()[pri:0, instance:com.employee_api.TestCases.TC004_PUT_Employee@6da21078]" started-at="2021-06-18T00:50:29 PDT" name="checkResponseBody" finished-at="2021-06-18T00:50:29 PDT" duration-ms="1" status="PASS">
          <reporter-output>
          </reporter-output>
        </test-method> <!-- checkResponseBody -->
        <test-method signature="checkResponseTime()[pri:0, instance:com.employee_api.TestCases.TC004_PUT_Employee@6da21078]" started-at="2021-06-18T00:50:29 PDT" name="checkResponseTime" finished-at="2021-06-18T00:50:29 PDT" duration-ms="1" status="PASS">
          <reporter-output>
          </reporter-output>
        </test-method> <!-- checkResponseTime -->
        <test-method signature="checkServerType()[pri:0, instance:com.employee_api.TestCases.TC004_PUT_Employee@6da21078]" started-at="2021-06-18T00:50:29 PDT" name="checkServerType" finished-at="2021-06-18T00:50:29 PDT" duration-ms="1" status="PASS">
          <reporter-output>
          </reporter-output>
        </test-method> <!-- checkServerType -->
        <test-method signature="checkStatusCode()[pri:0, instance:com.employee_api.TestCases.TC004_PUT_Employee@6da21078]" started-at="2021-06-18T00:50:29 PDT" name="checkStatusCode" finished-at="2021-06-18T00:50:29 PDT" duration-ms="1" status="PASS">
          <reporter-output>
          </reporter-output>
        </test-method> <!-- checkStatusCode -->
        <test-method signature="checkStatusLine()[pri:0, instance:com.employee_api.TestCases.TC004_PUT_Employee@6da21078]" started-at="2021-06-18T00:50:29 PDT" name="checkStatusLine" finished-at="2021-06-18T00:50:29 PDT" duration-ms="1" status="PASS">
          <reporter-output>
          </reporter-output>
        </test-method> <!-- checkStatusLine -->
        <test-method signature="contentType()[pri:0, instance:com.employee_api.TestCases.TC004_PUT_Employee@6da21078]" started-at="2021-06-18T00:50:29 PDT" name="contentType" finished-at="2021-06-18T00:50:29 PDT" duration-ms="1" status="PASS">
          <reporter-output>
          </reporter-output>
        </test-method> <!-- contentType -->
        <test-method is-config="true" signature="teardown()[pri:0, instance:com.employee_api.TestCases.TC004_PUT_Employee@6da21078]" started-at="2021-06-18T00:50:29 PDT" name="teardown" finished-at="2021-06-18T00:50:29 PDT" duration-ms="1" status="PASS">
          <reporter-output>
          </reporter-output>
        </test-method> <!-- teardown -->
      </class> <!-- com.employee_api.TestCases.TC004_PUT_Employee -->
      <class name="com.employee_api.TestCases.TC001_GetAllEmployees">
        <test-method is-config="true" signature="setup()[pri:0, instance:com.employee_api.TestCases.TC001_GetAllEmployees@25084a1e]" started-at="2021-06-18T00:49:52 PDT" name="setup" finished-at="2021-06-18T00:49:52 PDT" duration-ms="84" status="PASS">
          <reporter-output>
          </reporter-output>
        </test-method> <!-- setup -->
        <test-method is-config="true" signature="get_employees()[pri:0, instance:com.employee_api.TestCases.TC001_GetAllEmployees@25084a1e]" started-at="2021-06-18T00:49:52 PDT" name="get_employees" finished-at="2021-06-18T00:50:10 PDT" duration-ms="18269" status="PASS">
          <reporter-output>
          </reporter-output>
        </test-method> <!-- get_employees -->
        <test-method signature="checkContentEncoding()[pri:0, instance:com.employee_api.TestCases.TC001_GetAllEmployees@25084a1e]" started-at="2021-06-18T00:50:11 PDT" name="checkContentEncoding" finished-at="2021-06-18T00:50:11 PDT" duration-ms="25" status="PASS">
          <reporter-output>
          </reporter-output>
        </test-method> <!-- checkContentEncoding -->
        <test-method signature="checkContentLength()[pri:0, instance:com.employee_api.TestCases.TC001_GetAllEmployees@25084a1e]" started-at="2021-06-18T00:50:11 PDT" name="checkContentLength" finished-at="2021-06-18T00:50:11 PDT" duration-ms="9" status="PASS">
          <reporter-output>
          </reporter-output>
        </test-method> <!-- checkContentLength -->
        <test-method signature="checkCookies()[pri:0, instance:com.employee_api.TestCases.TC001_GetAllEmployees@25084a1e]" started-at="2021-06-18T00:50:11 PDT" name="checkCookies" finished-at="2021-06-18T00:50:11 PDT" duration-ms="3" status="PASS">
          <reporter-output>
          </reporter-output>
        </test-method> <!-- checkCookies -->
        <test-method signature="checkResponseBody()[pri:0, instance:com.employee_api.TestCases.TC001_GetAllEmployees@25084a1e]" started-at="2021-06-18T00:50:11 PDT" name="checkResponseBody" finished-at="2021-06-18T00:50:11 PDT" duration-ms="11" status="PASS">
          <reporter-output>
          </reporter-output>
        </test-method> <!-- checkResponseBody -->
        <test-method signature="checkResponseTime()[pri:0, instance:com.employee_api.TestCases.TC001_GetAllEmployees@25084a1e]" started-at="2021-06-18T00:50:11 PDT" name="checkResponseTime" finished-at="2021-06-18T00:50:11 PDT" duration-ms="13" status="PASS">
          <reporter-output>
          </reporter-output>
        </test-method> <!-- checkResponseTime -->
        <test-method signature="checkServerType()[pri:0, instance:com.employee_api.TestCases.TC001_GetAllEmployees@25084a1e]" started-at="2021-06-18T00:50:11 PDT" name="checkServerType" finished-at="2021-06-18T00:50:11 PDT" duration-ms="4" status="PASS">
          <reporter-output>
          </reporter-output>
        </test-method> <!-- checkServerType -->
        <test-method signature="checkStatusCode()[pri:0, instance:com.employee_api.TestCases.TC001_GetAllEmployees@25084a1e]" started-at="2021-06-18T00:50:11 PDT" name="checkStatusCode" finished-at="2021-06-18T00:50:11 PDT" duration-ms="4" status="PASS">
          <reporter-output>
          </reporter-output>
        </test-method> <!-- checkStatusCode -->
        <test-method signature="checkStatusLine()[pri:0, instance:com.employee_api.TestCases.TC001_GetAllEmployees@25084a1e]" started-at="2021-06-18T00:50:11 PDT" name="checkStatusLine" finished-at="2021-06-18T00:50:11 PDT" duration-ms="4" status="PASS">
          <reporter-output>
          </reporter-output>
        </test-method> <!-- checkStatusLine -->
        <test-method signature="contentType()[pri:0, instance:com.employee_api.TestCases.TC001_GetAllEmployees@25084a1e]" started-at="2021-06-18T00:50:11 PDT" name="contentType" finished-at="2021-06-18T00:50:11 PDT" duration-ms="3" status="PASS">
          <reporter-output>
          </reporter-output>
        </test-method> <!-- contentType -->
        <test-method is-config="true" signature="teardown()[pri:0, instance:com.employee_api.TestCases.TC001_GetAllEmployees@25084a1e]" started-at="2021-06-18T00:50:11 PDT" name="teardown" finished-at="2021-06-18T00:50:11 PDT" duration-ms="4" status="PASS">
          <reporter-output>
          </reporter-output>
        </test-method> <!-- teardown -->
      </class> <!-- com.employee_api.TestCases.TC001_GetAllEmployees -->
      <class name="com.employee_api.TestCases.TC002_Get_Employee">
        <test-method is-config="true" signature="setup()[pri:0, instance:com.employee_api.TestCases.TC002_Get_Employee@5562c41e]" started-at="2021-06-18T00:50:11 PDT" name="setup" finished-at="2021-06-18T00:50:11 PDT" duration-ms="4" status="PASS">
          <reporter-output>
          </reporter-output>
        </test-method> <!-- setup -->
        <test-method is-config="true" signature="getemployee()[pri:0, instance:com.employee_api.TestCases.TC002_Get_Employee@5562c41e]" started-at="2021-06-18T00:50:11 PDT" name="getemployee" finished-at="2021-06-18T00:50:15 PDT" duration-ms="4328" status="PASS">
          <reporter-output>
          </reporter-output>
        </test-method> <!-- getemployee -->
        <test-method signature="checkContentEncoding()[pri:0, instance:com.employee_api.TestCases.TC002_Get_Employee@5562c41e]" started-at="2021-06-18T00:50:15 PDT" name="checkContentEncoding" finished-at="2021-06-18T00:50:15 PDT" duration-ms="3" status="PASS">
          <reporter-output>
          </reporter-output>
        </test-method> <!-- checkContentEncoding -->
        <test-method signature="checkContentLength()[pri:0, instance:com.employee_api.TestCases.TC002_Get_Employee@5562c41e]" started-at="2021-06-18T00:50:15 PDT" name="checkContentLength" finished-at="2021-06-18T00:50:15 PDT" duration-ms="7" status="FAIL">
          <exception class="java.lang.NumberFormatException">
            <message>
              <![CDATA[null]]>
            </message>
            <full-stacktrace>
              <![CDATA[java.lang.NumberFormatException: null
at java.base/java.lang.Integer.parseInt(Integer.java:614)
at java.base/java.lang.Integer.parseInt(Integer.java:770)
at com.employee_api.TestCases.TC002_Get_Employee.checkContentLength(TC002_Get_Employee.java:108)
at java.base/jdk.internal.reflect.NativeMethodAccessorImpl.invoke0(Native Method)
at java.base/jdk.internal.reflect.NativeMethodAccessorImpl.invoke(NativeMethodAccessorImpl.java:62)
at java.base/jdk.internal.reflect.DelegatingMethodAccessorImpl.invoke(DelegatingMethodAccessorImpl.java:43)
at java.base/java.lang.reflect.Method.invoke(Method.java:566)
at org.testng.internal.MethodInvocationHelper.invokeMethod(MethodInvocationHelper.java:133)
at org.testng.internal.TestInvoker.invokeMethod(TestInvoker.java:598)
at org.testng.internal.TestInvoker.invokeTestMethod(TestInvoker.java:173)
at org.testng.internal.MethodRunner.runInSequence(MethodRunner.java:46)
at org.testng.internal.TestInvoker$MethodInvocationAgent.invoke(TestInvoker.java:824)
at org.testng.internal.TestInvoker.invokeTestMethods(TestInvoker.java:146)
at org.testng.internal.TestMethodWorker.invokeTestMethods(TestMethodWorker.java:146)
at org.testng.internal.TestMethodWorker.run(TestMethodWorker.java:128)
at java.base/java.util.ArrayList.forEach(ArrayList.java:1540)
at org.testng.TestRunner.privateRun(TestRunner.java:794)
at org.testng.TestRunner.run(TestRunner.java:596)
at org.testng.SuiteRunner.runTest(SuiteRunner.java:377)
at org.testng.SuiteRunner.runSequentially(SuiteRunner.java:371)
at org.testng.SuiteRunner.privateRun(SuiteRunner.java:332)
at org.testng.SuiteRunner.run(SuiteRunner.java:276)
at org.testng.SuiteRunnerWorker.runSuite(SuiteRunnerWorker.java:53)
at org.testng.SuiteRunnerWorker.run(SuiteRunnerWorker.java:96)
at org.testng.TestNG.runSuitesSequentially(TestNG.java:1212)
at org.testng.TestNG.runSuitesLocally(TestNG.java:1134)
at org.testng.TestNG.runSuites(TestNG.java:1063)
at org.testng.TestNG.run(TestNG.java:1031)
at org.apache.maven.surefire.testng.TestNGExecutor.run(TestNGExecutor.java:284)
at org.apache.maven.surefire.testng.TestNGXmlTestSuite.execute(TestNGXmlTestSuite.java:75)
at org.apache.maven.surefire.testng.TestNGProvider.invoke(TestNGProvider.java:119)
at org.apache.maven.surefire.booter.ForkedBooter.runSuitesInProcess(ForkedBooter.java:428)
at org.apache.maven.surefire.booter.ForkedBooter.execute(ForkedBooter.java:162)
at org.apache.maven.surefire.booter.ForkedBooter.run(ForkedBooter.java:562)
at org.apache.maven.surefire.booter.ForkedBooter.main(ForkedBooter.java:548)
]]>
            </full-stacktrace>
          </exception> <!-- java.lang.NumberFormatException -->
          <reporter-output>
          </reporter-output>
        </test-method> <!-- checkContentLength -->
        <test-method signature="checkEmployeeIdinResponse()[pri:0, instance:com.employee_api.TestCases.TC002_Get_Employee@5562c41e]" started-at="2021-06-18T00:50:15 PDT" name="checkEmployeeIdinResponse" finished-at="2021-06-18T00:50:15 PDT" duration-ms="1" status="PASS">
          <reporter-output>
          </reporter-output>
        </test-method> <!-- checkEmployeeIdinResponse -->
        <test-method signature="checkResponseTime()[pri:0, instance:com.employee_api.TestCases.TC002_Get_Employee@5562c41e]" started-at="2021-06-18T00:50:15 PDT" name="checkResponseTime" finished-at="2021-06-18T00:50:15 PDT" duration-ms="5" status="PASS">
          <reporter-output>
          </reporter-output>
        </test-method> <!-- checkResponseTime -->
        <test-method signature="checkServerType()[pri:0, instance:com.employee_api.TestCases.TC002_Get_Employee@5562c41e]" started-at="2021-06-18T00:50:15 PDT" name="checkServerType" finished-at="2021-06-18T00:50:15 PDT" duration-ms="3" status="PASS">
          <reporter-output>
          </reporter-output>
        </test-method> <!-- checkServerType -->
        <test-method signature="checkStatusCode()[pri:0, instance:com.employee_api.TestCases.TC002_Get_Employee@5562c41e]" started-at="2021-06-18T00:50:15 PDT" name="checkStatusCode" finished-at="2021-06-18T00:50:15 PDT" duration-ms="5" status="PASS">
          <reporter-output>
          </reporter-output>
        </test-method> <!-- checkStatusCode -->
        <test-method signature="checkStatusLine()[pri:0, instance:com.employee_api.TestCases.TC002_Get_Employee@5562c41e]" started-at="2021-06-18T00:50:15 PDT" name="checkStatusLine" finished-at="2021-06-18T00:50:15 PDT" duration-ms="5" status="PASS">
          <reporter-output>
          </reporter-output>
        </test-method> <!-- checkStatusLine -->
        <test-method signature="contentType()[pri:0, instance:com.employee_api.TestCases.TC002_Get_Employee@5562c41e]" started-at="2021-06-18T00:50:15 PDT" name="contentType" finished-at="2021-06-18T00:50:15 PDT" duration-ms="9" status="PASS">
          <reporter-output>
          </reporter-output>
        </test-method> <!-- contentType -->
        <test-method is-config="true" signature="teardown()[pri:0, instance:com.employee_api.TestCases.TC002_Get_Employee@5562c41e]" started-at="2021-06-18T00:50:15 PDT" name="teardown" finished-at="2021-06-18T00:50:15 PDT" duration-ms="13" status="PASS">
          <reporter-output>
          </reporter-output>
        </test-method> <!-- teardown -->
      </class> <!-- com.employee_api.TestCases.TC002_Get_Employee -->
    </test> <!-- EmployeeRestAPITest -->
  </suite> <!-- EmployeesRestAPISuite -->
</testng-results>
